<?xml version="1.0" encoding="UTF-8" standalone="yes"?>
<testsuites name="TestSuite1" time="18" tests="2" failures="0" errors="0">
    <testsuite name="TestSuite1" tests="2" failures="0" errors="0" time="18" timestamp="2019-10-17 10:53:00" hostname="vamsipc - HP-Laptop" id="Test Suites/TestSuite1">
        <properties>
            <property name="deviceName" value=""/>
            <property name="devicePlatform" value=""/>
            <property name="logFolder" value="E:\\vamsi_programs_2019\\6_katalon_studio_programs\\API demo Project1\\Reports\\20191017_105234\\TestSuite1\\20191017_105234"/>
            <property name="logFiles" value="E:\\vamsi_programs_2019\\6_katalon_studio_programs\\API demo Project1\\Reports\\20191017_105234\\TestSuite1\\20191017_105234\\execution0.log"/>
            <property name="attachments" value=""/>
            <property name="hostName" value="vamsipc - HP-Laptop"/>
            <property name="hostAddress" value="172.26.192.1"/>
            <property name="os" value="Windows 10 64bit"/>
            <property name="katalonVersion" value="6.3.2.1"/>
        </properties>
        <testcase name="Test Cases/CaluclatorTests/AdditonTestCase" classname="Test Cases/CaluclatorTests/AdditonTestCase" status="PASSED">
            <system-out>2019-10-17 10:53:01 - [TEST_CASE][PASSED] - Test Cases/CaluclatorTests/AdditonTestCase: Test Cases/CaluclatorTests/AdditonTestCase&#xD;
&#xD;
2019-10-17 10:53:01 - [TEST_STEP][PASSED] - sendRequest(findTestObject("CaluclatorSoapService/Addition")): Send request successfully&#xD;
&#xD;
2019-10-17 10:53:06 - [MESSAGE][INFO] - HAR: E:\vamsi_programs_2019\6_katalon_studio_programs\API demo Project1\Reports\20191017_105234\TestSuite1\20191017_105234\requests\main\0.har&#xD;
&#xD;
2019-10-17 10:53:07 - [MESSAGE][PASSED] - Send request successfully&#xD;
&#xD;
2019-10-17 10:53:07 - [TEST_STEP][PASSED] - response = sendRequestAndVerify(findTestObject("CaluclatorSoapService/Addition")): Send request and verify the response successfully&#xD;
&#xD;
2019-10-17 10:53:08 - [MESSAGE][INFO] - HAR: E:\vamsi_programs_2019\6_katalon_studio_programs\API demo Project1\Reports\20191017_105234\TestSuite1\20191017_105234\requests\main\1.har&#xD;
&#xD;
2019-10-17 10:53:08 - [TEST_CASE][PASSED] - Start Test Case : Verification: Verification accomplished successfully&#xD;
&#xD;
2019-10-17 10:53:08 - [TEST_STEP][PASSED] - request = getInstance().getCurrentRequest(): null&#xD;
&#xD;
2019-10-17 10:53:08 - [TEST_STEP][PASSED] - response = getInstance().getCurrentResponse(): null&#xD;
&#xD;
2019-10-17 10:53:08 - [TEST_STEP][PASSED] - verifyResponseStatusCode(response, 200): Verify response status code successfully&#xD;
&#xD;
2019-10-17 10:53:09 - [MESSAGE][PASSED] - Verify response status code successfully&#xD;
&#xD;
2019-10-17 10:53:09 - [TEST_STEP][PASSED] - getStatusCode()).isEqualTo(200): null&#xD;
&#xD;
2019-10-17 10:53:09 - [TEST_STEP][PASSED] - getResponseText()).contains("AddResult"): null&#xD;
&#xD;
2019-10-17 10:53:09 - [TEST_STEP][PASSED] - verifyElementPropertyValue(response, "AddResponse.AddResult", "11"): Verify element property value successfully&#xD;
&#xD;
2019-10-17 10:53:09 - [MESSAGE][PASSED] - Verify element property value successfully&#xD;
&#xD;
2019-10-17 10:53:09 - [MESSAGE][PASSED] - Verify response successfully&#xD;
&#xD;
2019-10-17 10:53:09 - [MESSAGE][PASSED] - Send request and verify the response successfully</system-out>
            <system-err></system-err>
        </testcase>
        <testcase name="Test Cases/reqres_rest_services_testcases/testHttpMethods" classname="Test Cases/reqres_rest_services_testcases/testHttpMethods" status="PASSED">
            <system-out>2019-10-17 10:53:09 - [TEST_CASE][PASSED] - Test Cases/reqres_rest_services_testcases/testHttpMethods: Test Cases/reqres_rest_services_testcases/testHttpMethods&#xD;
&#xD;
2019-10-17 10:53:10 - [TEST_STEP][PASSED] - sendRequestAndVerify(findTestObject("reqres_rest_service/ListUserRequest_Rest")): Send request and verify the response successfully&#xD;
&#xD;
2019-10-17 10:53:12 - [MESSAGE][INFO] - HAR: E:\vamsi_programs_2019\6_katalon_studio_programs\API demo Project1\Reports\20191017_105234\TestSuite1\20191017_105234\requests\main\2.har&#xD;
&#xD;
2019-10-17 10:53:12 - [TEST_CASE][PASSED] - Start Test Case : Verification: Verification accomplished successfully&#xD;
&#xD;
2019-10-17 10:53:12 - [TEST_STEP][PASSED] - request = getInstance().getCurrentRequest(): null&#xD;
&#xD;
2019-10-17 10:53:12 - [TEST_STEP][PASSED] - response = getInstance().getCurrentResponse(): null&#xD;
&#xD;
2019-10-17 10:53:12 - [TEST_STEP][PASSED] - verifyResponseStatusCode(response, 200): Verify response status code successfully&#xD;
&#xD;
2019-10-17 10:53:12 - [MESSAGE][PASSED] - Verify response status code successfully&#xD;
&#xD;
2019-10-17 10:53:12 - [TEST_STEP][PASSED] - getStatusCode()).isEqualTo(200): null&#xD;
&#xD;
2019-10-17 10:53:12 - [TEST_STEP][PASSED] - verifyElementPropertyValue(response, "data[1].first_name", "Lindsay"): Verify element property value successfully&#xD;
&#xD;
2019-10-17 10:53:12 - [MESSAGE][PASSED] - Verify element property value successfully&#xD;
&#xD;
2019-10-17 10:53:12 - [MESSAGE][PASSED] - Verify response successfully&#xD;
&#xD;
2019-10-17 10:53:12 - [MESSAGE][PASSED] - Send request and verify the response successfully&#xD;
&#xD;
2019-10-17 10:53:12 - [TEST_STEP][PASSED] - sendRequestAndVerify(findTestObject("reqres_rest_service/Create_User_Rest")): Send request and verify the response successfully&#xD;
&#xD;
2019-10-17 10:53:14 - [MESSAGE][INFO] - HAR: E:\vamsi_programs_2019\6_katalon_studio_programs\API demo Project1\Reports\20191017_105234\TestSuite1\20191017_105234\requests\main\3.har&#xD;
&#xD;
2019-10-17 10:53:14 - [TEST_CASE][PASSED] - Start Test Case : Verification: Verification accomplished successfully&#xD;
&#xD;
2019-10-17 10:53:14 - [TEST_STEP][PASSED] - request = getInstance().getCurrentRequest(): null&#xD;
&#xD;
2019-10-17 10:53:15 - [TEST_STEP][PASSED] - response = getInstance().getCurrentResponse(): null&#xD;
&#xD;
2019-10-17 10:53:15 - [MESSAGE][PASSED] - Verify response successfully&#xD;
&#xD;
2019-10-17 10:53:15 - [MESSAGE][PASSED] - Send request and verify the response successfully&#xD;
&#xD;
2019-10-17 10:53:15 - [TEST_STEP][PASSED] - sendRequestAndVerify(findTestObject("reqres_rest_service/Update_User_Rest")): Send request and verify the response successfully&#xD;
&#xD;
2019-10-17 10:53:16 - [MESSAGE][INFO] - HAR: E:\vamsi_programs_2019\6_katalon_studio_programs\API demo Project1\Reports\20191017_105234\TestSuite1\20191017_105234\requests\main\4.har&#xD;
&#xD;
2019-10-17 10:53:16 - [TEST_CASE][PASSED] - Start Test Case : Verification: Verification accomplished successfully&#xD;
&#xD;
2019-10-17 10:53:17 - [TEST_STEP][PASSED] - request = getInstance().getCurrentRequest(): null&#xD;
&#xD;
2019-10-17 10:53:17 - [TEST_STEP][PASSED] - response = getInstance().getCurrentResponse(): null&#xD;
&#xD;
2019-10-17 10:53:17 - [MESSAGE][PASSED] - Verify response successfully&#xD;
&#xD;
2019-10-17 10:53:17 - [MESSAGE][PASSED] - Send request and verify the response successfully&#xD;
&#xD;
2019-10-17 10:53:17 - [TEST_STEP][PASSED] - sendRequestAndVerify(findTestObject("reqres_rest_service/Delete_user_Rest")): Send request and verify the response successfully&#xD;
&#xD;
2019-10-17 10:53:18 - [MESSAGE][INFO] - HAR: E:\vamsi_programs_2019\6_katalon_studio_programs\API demo Project1\Reports\20191017_105234\TestSuite1\20191017_105234\requests\main\5.har&#xD;
&#xD;
2019-10-17 10:53:19 - [TEST_CASE][PASSED] - Start Test Case : Verification: Verification accomplished successfully&#xD;
&#xD;
2019-10-17 10:53:19 - [TEST_STEP][PASSED] - request = getInstance().getCurrentRequest(): null&#xD;
&#xD;
2019-10-17 10:53:19 - [TEST_STEP][PASSED] - response = getInstance().getCurrentResponse(): null&#xD;
&#xD;
2019-10-17 10:53:19 - [TEST_STEP][PASSED] - verifyResponseStatusCode(response, 204): Verify response status code successfully&#xD;
&#xD;
2019-10-17 10:53:19 - [MESSAGE][PASSED] - Verify response status code successfully&#xD;
&#xD;
2019-10-17 10:53:19 - [TEST_STEP][PASSED] - getStatusCode()).isEqualTo(204): null&#xD;
&#xD;
2019-10-17 10:53:19 - [MESSAGE][PASSED] - Verify response successfully&#xD;
&#xD;
2019-10-17 10:53:19 - [MESSAGE][PASSED] - Send request and verify the response successfully</system-out>
            <system-err></system-err>
        </testcase>
        <system-out>2019-10-17 10:53:00 - [TEST_SUITE][INCOMPLETE] - TestSuite1: null</system-out>
        <system-err>2019-10-17 10:53:00 - [TEST_SUITE][INCOMPLETE] - TestSuite1: null</system-err>
    </testsuite>
</testsuites>
